<?xml version="1.0" encoding="UTF-8"?>
<!-- Generated by org.testng.reporters.JUnitXMLReporter -->
<testsuite ignored="0" hostname="DESKTOP-C4H8AT4" failures="0" tests="4" name="TestNG" time="44.806" errors="0" timestamp="2023-06-21T23:28:00 EDT">
  <testcase classname="TestLayer.LoginTest" name="title" time="0.017"/>
  <testcase classname="TestLayer.LoginTest" name="Login" time="6.717"/>
  <testcase classname="TestLayer.LoginTest" name="Login" time="7.219"/>
  <testcase classname="TestLayer.LoginTest" name="Login" time="6.6"/>
</testsuite> <!-- TestNG -->
