<?xml version="1.0" encoding="UTF-8"?>
<!-- Generated by org.testng.reporters.JUnitXMLReporter -->
<testsuite ignored="0" hostname="DESKTOP-C4H8AT4" failures="0" tests="4" name="TestNG" time="47.476" errors="0" timestamp="2023-06-21T23:05:15 EDT">
  <testcase classname="TestLayer.LoginTest" name="title" time="0.017"/>
  <testcase classname="TestLayer.LoginTest" name="Login" time="7.403"/>
  <testcase classname="TestLayer.LoginTest" name="Login" time="7.339"/>
  <testcase classname="TestLayer.LoginTest" name="Login" time="8.511"/>
</testsuite> <!-- TestNG -->
