<?xml version="1.0" encoding="UTF-8"?>
<!-- Generated by org.testng.reporters.JUnitXMLReporter -->
<testsuite ignored="0" hostname="DESKTOP-C4H8AT4" failures="0" tests="4" name="Default test" time="45.371" errors="0" timestamp="2023-06-21T22:51:59 EDT">
  <testcase classname="TestLayer.LoginTest" name="title" time="0.014"/>
  <testcase classname="TestLayer.LoginTest" name="Login" time="6.626"/>
  <testcase classname="TestLayer.LoginTest" name="Login" time="7.171"/>
  <testcase classname="TestLayer.LoginTest" name="Login" time="7.784"/>
</testsuite> <!-- Default test -->
