<?xml version="1.0" encoding="UTF-8"?>
<!-- Generated by org.testng.reporters.JUnitXMLReporter -->
<testsuite ignored="0" hostname="DESKTOP-C4H8AT4" failures="0" tests="4" name="Default test" time="46.518" errors="0" timestamp="2023-06-21T23:30:22 EDT">
  <testcase classname="TestLayer.LoginTest" name="title" time="0.016"/>
  <testcase classname="TestLayer.LoginTest" name="Login" time="7.509"/>
  <testcase classname="TestLayer.LoginTest" name="Login" time="7.497"/>
  <testcase classname="TestLayer.LoginTest" name="Login" time="7.44"/>
</testsuite> <!-- Default test -->
