<?xml version="1.0" encoding="UTF-8"?>
<testng-results ignored="0" total="4" passed="4" failed="0" skipped="0">
  <reporter-output>
  </reporter-output>
  <suite started-at="2023-06-21T23:04:28 EDT" name="OrangeHRM" finished-at="2023-06-21T23:05:15 EDT" duration-ms="47476">
    <groups>
    </groups>
    <test started-at="2023-06-21T23:04:28 EDT" name="TestNG" finished-at="2023-06-21T23:05:15 EDT" duration-ms="47476">
      <class name="TestLayer.LoginTest">
        <test-method is-config="true" signature="initsetup()[pri:0, instance:TestLayer.LoginTest@78e4deb0]" started-at="2023-06-21T23:04:28 EDT" name="initsetup" finished-at="2023-06-21T23:04:34 EDT" duration-ms="6638" status="PASS">
          <reporter-output>
          </reporter-output>
        </test-method> <!-- initsetup -->
        <test-method signature="title()[pri:1, instance:TestLayer.LoginTest@78e4deb0]" started-at="2023-06-21T23:04:34 EDT" name="title" finished-at="2023-06-21T23:04:34 EDT" duration-ms="17" status="PASS">
          <reporter-output>
          </reporter-output>
        </test-method> <!-- title -->
        <test-method is-config="true" signature="initsetup()[pri:0, instance:TestLayer.LoginTest@78e4deb0]" started-at="2023-06-21T23:04:35 EDT" name="initsetup" finished-at="2023-06-21T23:04:41 EDT" duration-ms="5613" status="PASS">
          <reporter-output>
          </reporter-output>
        </test-method> <!-- initsetup -->
        <test-method signature="Login(java.lang.String,java.lang.String)[pri:2, instance:TestLayer.LoginTest@78e4deb0]" started-at="2023-06-21T23:04:41 EDT" name="Login" data-provider="details" finished-at="2023-06-21T23:04:48 EDT" duration-ms="7403" status="PASS">
          <params>
            <param index="0">
              <value>
                <![CDATA[disha]]>
              </value>
            </param>
            <param index="1">
              <value>
                <![CDATA[xyz]]>
              </value>
            </param>
          </params>
          <reporter-output>
          </reporter-output>
        </test-method> <!-- Login -->
        <test-method is-config="true" signature="initsetup()[pri:0, instance:TestLayer.LoginTest@78e4deb0]" started-at="2023-06-21T23:04:48 EDT" name="initsetup" finished-at="2023-06-21T23:04:54 EDT" duration-ms="5586" status="PASS">
          <reporter-output>
          </reporter-output>
        </test-method> <!-- initsetup -->
        <test-method signature="Login(java.lang.String,java.lang.String)[pri:2, instance:TestLayer.LoginTest@78e4deb0]" started-at="2023-06-21T23:04:54 EDT" name="Login" data-provider="details" finished-at="2023-06-21T23:05:01 EDT" duration-ms="7339" status="PASS">
          <params>
            <param index="0">
              <value>
                <![CDATA[scott]]>
              </value>
            </param>
            <param index="1">
              <value>
                <![CDATA[xyz]]>
              </value>
            </param>
          </params>
          <reporter-output>
          </reporter-output>
        </test-method> <!-- Login -->
        <test-method is-config="true" signature="initsetup()[pri:0, instance:TestLayer.LoginTest@78e4deb0]" started-at="2023-06-21T23:05:01 EDT" name="initsetup" finished-at="2023-06-21T23:05:07 EDT" duration-ms="5789" status="PASS">
          <reporter-output>
          </reporter-output>
        </test-method> <!-- initsetup -->
        <test-method signature="Login(java.lang.String,java.lang.String)[pri:2, instance:TestLayer.LoginTest@78e4deb0]" started-at="2023-06-21T23:05:07 EDT" name="Login" data-provider="details" finished-at="2023-06-21T23:05:15 EDT" duration-ms="8511" status="PASS">
          <params>
            <param index="0">
              <value>
                <![CDATA[Admin]]>
              </value>
            </param>
            <param index="1">
              <value>
                <![CDATA[admin123]]>
              </value>
            </param>
          </params>
          <reporter-output>
          </reporter-output>
        </test-method> <!-- Login -->
      </class> <!-- TestLayer.LoginTest -->
    </test> <!-- TestNG -->
  </suite> <!-- OrangeHRM -->
</testng-results>
